<?xml version="1.0" encoding="UTF-8"?>
<TestRun id="0771ca65-a399-4219-a27e-b61744a46865" name="Domi@BAOBEI 2010-06-15 21:26:12" runUser="baobei\Domi" xmlns="http://microsoft.com/schemas/VisualStudio/TeamTest/2010">
  <TestSettings name="Local" id="95a22874-85bc-4819-941e-f55c2de6922e">
    <Description>These are default test settings for a local test run.</Description>
    <Deployment enabled="false" runDeploymentRoot="Domi_BAOBEI 2010-06-15 21_26_12" />
    <Execution>
      <TestTypeSpecific />
      <AgentRule name="Execution Agents">
      </AgentRule>
    </Execution>
  </TestSettings>
  <Times creation="2010-06-15T21:26:12.8186288+08:00" queuing="2010-06-15T21:26:13.2746549+08:00" start="2010-06-15T21:26:13.7836840+08:00" finish="2010-06-15T21:26:17.8819184+08:00" />
  <ResultSummary outcome="Failed">
    <Counters total="1" executed="1" error="0" failed="1" timeout="0" aborted="0" inconclusive="0" passedButRunAborted="0" notRunnable="0" notExecuted="0" disconnected="0" warning="0" passed="0" completed="0" inProgress="0" pending="0" />
  </ResultSummary>
  <TestDefinitions>
    <UnitTest name="TestSlideTree" storage="d:\coding\c#\domi\domi.suffix.tests\bin\debug\domi.suffix.tests.dll" id="d83ee658-ca92-33b2-327b-aa7983891848">
      <Execution timeOut="1800000" id="1bcb4e99-8db4-4d4a-9a27-f715ece436e8" />
      <TestMethod codeBase="D:/coding/C#/Domi/Domi.Suffix.Tests/bin/Debug/Domi.Suffix.Tests.DLL" adapterTypeName="Microsoft.VisualStudio.TestTools.TestTypes.Unit.UnitTestAdapter, Microsoft.VisualStudio.QualityTools.Tips.UnitTest.Adapter, Version=10.0.0.0, Culture=neutral, PublicKeyToken=b03f5f7f11d50a3a" className="Domi.Suffix.Tests.SuffixTreeBuilderTest, Domi.Suffix.Tests, Version=1.0.0.0, Culture=neutral, PublicKeyToken=null" name="TestSlideTree" />
    </UnitTest>
  </TestDefinitions>
  <TestLists>
    <TestList name="Results Not in a List" id="8c84fa94-04c1-424b-9868-57a2d4851a1d" />
    <TestList name="All Loaded Results" id="19431567-8539-422a-85d7-44ee4e166bda" />
  </TestLists>
  <TestEntries>
    <TestEntry testId="d83ee658-ca92-33b2-327b-aa7983891848" executionId="1bcb4e99-8db4-4d4a-9a27-f715ece436e8" testListId="8c84fa94-04c1-424b-9868-57a2d4851a1d" />
  </TestEntries>
  <Results>
    <UnitTestResult executionId="1bcb4e99-8db4-4d4a-9a27-f715ece436e8" testId="d83ee658-ca92-33b2-327b-aa7983891848" testName="TestSlideTree" computerName="BAOBEI" duration="00:00:03.6476960" startTime="2010-06-15T21:26:13.9876957+08:00" endTime="2010-06-15T21:26:17.7249094+08:00" testType="13cdc9d9-ddb5-4fa4-a97d-d965ccfc6d4b" outcome="Failed" testListId="8c84fa94-04c1-424b-9868-57a2d4851a1d" relativeResultsDirectory="1bcb4e99-8db4-4d4a-9a27-f715ece436e8">
      <Output>
        <StdOut>Adding String: bbabbaabÿ
k = 1: bb
 i = 1
  Traversed to b
k = 2: bba
 i = 1
   Added leaf a to new branch: &lt;Root&gt;
   Moved to Root
 i = 2
   Added leaf a to existing branch: &lt;Root&gt;
   Added link from &lt;Root&gt; to &lt;Root&gt;
   Moved along link to: &lt;Root&gt;
k = 3: bbab
 i = 3
  Traversed to b
k = 4: bbabb
 i = 4
  Traversed to b
k = 5: bbabba
 i = 3
  Traversed to a
k = 6: bbabbaa
 i = 3
   Added leaf a to new branch: ba (1 to 2)
   Moved to Root
   Moved to suffix ba
 i = 4
   Added leaf a to new branch: a (2 to 2)
   Added link from ba (1 to 2) to a (2 to 2)
   Moved to Root
   Moved to suffix a
 i = 5
  Traversed to a
   Added link from a (2 to 2) to abbaa (2 to -1)
k = 7: bbabbaab
 i = 4
  Traversed to b
k = 8: bbabbaabÿ
 i = 4
   Added leaf ÿ to new branch: ab (2 to 3)
   Moved to Root
   Moved to suffix aab
 i = 5
   Added leaf ÿ to new branch: ba (4 to 5)
   Added link from ab (2 to 3) to ba (4 to 5)
   Moved to Root
   Moved to suffix ab
 i = 6
   Added leaf ÿ to existing branch: &lt;Root&gt;
   Added link from ba (4 to 5) to &lt;Root&gt;
   Moved along link to: &lt;Root&gt;
   Moved to suffix b
 i = 7
  Traversed to ÿ</StdOut>
        <ErrorInfo>
          <Message>Test method Domi.Suffix.Tests.SuffixTreeBuilderTest.TestSlideTree threw exception: 
System.Exception: Error while building tree for: bbabbaabÿ</Message>
          <StackTrace>    at Domi.Suffix.SuffixTreeBuilder.BuildTree(String str) in D:\coding\C#\Domi\Domi.Suffix\SuffixTreeBuilder.cs:line 193
   at Domi.Suffix.SuffixTreeBuilder.Create(String s) in D:\coding\C#\Domi\Domi.Suffix\SuffixTreeBuilder.cs:line 28
   at Domi.Suffix.Tests.SuffixTreeBuilderTest.TestSlideTree() in D:\coding\C#\Domi\Domi.Suffix.Tests\SuffixTreeBuilderTest.cs:line 34
</StackTrace>
        </ErrorInfo>
      </Output>
    </UnitTestResult>
  </Results>
</TestRun>