<?xml version="1.0" encoding="UTF-8"?>
<TestRun id="7a15b76d-0743-4547-90b2-3fc1fb4bf9ee" name="Domi@BAOBEI 2010-06-15 22:01:05" runUser="baobei\Domi" xmlns="http://microsoft.com/schemas/VisualStudio/TeamTest/2010">
  <TestSettings name="Local" id="95a22874-85bc-4819-941e-f55c2de6922e">
    <Description>These are default test settings for a local test run.</Description>
    <Deployment enabled="false" runDeploymentRoot="Domi_BAOBEI 2010-06-15 22_01_05" />
    <Execution>
      <TestTypeSpecific />
      <AgentRule name="Execution Agents">
      </AgentRule>
    </Execution>
  </TestSettings>
  <Times creation="2010-06-15T22:01:05.2853110+08:00" queuing="2010-06-15T22:01:05.8563437+08:00" start="2010-06-15T22:01:06.3523721+08:00" finish="2010-06-15T22:01:39.8792897+08:00" />
  <ResultSummary outcome="Failed">
    <Counters total="1" executed="1" error="0" failed="1" timeout="0" aborted="0" inconclusive="0" passedButRunAborted="0" notRunnable="0" notExecuted="0" disconnected="0" warning="0" passed="0" completed="0" inProgress="0" pending="0" />
  </ResultSummary>
  <TestDefinitions>
    <UnitTest name="TestSlideTree" storage="d:\coding\c#\domi\domi.suffix.tests\bin\debug\domi.suffix.tests.dll" id="d83ee658-ca92-33b2-327b-aa7983891848">
      <Execution timeOut="1800000" id="7f2b5b36-c778-4ba4-acb3-a697c38bfdcb" />
      <TestMethod codeBase="D:/coding/C#/Domi/Domi.Suffix.Tests/bin/Debug/Domi.Suffix.Tests.DLL" adapterTypeName="Microsoft.VisualStudio.TestTools.TestTypes.Unit.UnitTestAdapter, Microsoft.VisualStudio.QualityTools.Tips.UnitTest.Adapter, Version=10.0.0.0, Culture=neutral, PublicKeyToken=b03f5f7f11d50a3a" className="Domi.Suffix.Tests.SuffixTreeBuilderTest, Domi.Suffix.Tests, Version=1.0.0.0, Culture=neutral, PublicKeyToken=null" name="TestSlideTree" />
    </UnitTest>
  </TestDefinitions>
  <TestLists>
    <TestList name="Results Not in a List" id="8c84fa94-04c1-424b-9868-57a2d4851a1d" />
    <TestList name="All Loaded Results" id="19431567-8539-422a-85d7-44ee4e166bda" />
  </TestLists>
  <TestEntries>
    <TestEntry testId="d83ee658-ca92-33b2-327b-aa7983891848" executionId="7f2b5b36-c778-4ba4-acb3-a697c38bfdcb" testListId="8c84fa94-04c1-424b-9868-57a2d4851a1d" />
  </TestEntries>
  <Results>
    <UnitTestResult executionId="7f2b5b36-c778-4ba4-acb3-a697c38bfdcb" testId="d83ee658-ca92-33b2-327b-aa7983891848" testName="TestSlideTree" computerName="BAOBEI" duration="00:00:33.1379200" startTime="2010-06-15T22:01:06.4863797+08:00" endTime="2010-06-15T22:01:39.7362815+08:00" testType="13cdc9d9-ddb5-4fa4-a97d-d965ccfc6d4b" outcome="Failed" testListId="8c84fa94-04c1-424b-9868-57a2d4851a1d" relativeResultsDirectory="7f2b5b36-c778-4ba4-acb3-a697c38bfdcb">
      <Output>
        <StdOut>Adding String: bbabbaabÿ
k = 1: bb
 i = 1
  Traversed to b
k = 2: bba
 i = 1
   Added leaf a to new branch: b (0 to 0)
   Moved to Root
 i = 2
   Added leaf a to existing branch: &lt;Root&gt;
   Added link from b (0 to 0) to &lt;Root&gt;
k = 3: bbab
 i = 3
  Traversed to b
k = 4: bbabb
 i = 4
   Added leaf b to existing branch: b (0 to 0)
   Moved along link to: &lt;Root&gt;
k = 5: bbabba
 i = 5
  Traversed to a
k = 6: bbabbaa
 i = 3
   Added leaf a to new branch: a (2 to 2)
   Moved to Root
   Moved to next suffix node b (0 to 0) -&gt; abbaa (2 to -1) (+1)
 i = 4
   Added leaf a to new branch: a (2 to 2)
   Added link from a (2 to 2) to a (2 to 2)
   Moved to Root
   Moved to next suffix node &lt;Root&gt; -&gt; a (2 to 2) (+0)
 i = 5
  Traversed to a
   Added link from a (2 to 2) to a (2 to 2)
k = 7: bbabbaab
 i = 5
  Traversed to b
k = 8: bbabbaabÿ
 i = 3
   Added leaf ÿ to new branch: b (4 to 4)
   Moved to Root
   Moved to next suffix node b (0 to 0) -&gt; abbaabÿ (2 to -1) (+1)
 i = 4
   Added leaf ÿ to new branch: a (2 to 2)
   Added link from b (4 to 4) to a (2 to 2)
   Moved to Root
   Moved to next suffix node a (2 to 2) -&gt; abÿ (6 to -1) (+1)
 i = 5
   Added leaf ÿ to new branch: a (6 to 6)
   Added link from a (2 to 2) to a (6 to 6)
   Moved to Root
   Moved to next suffix node a (2 to 2) -&gt; b (4 to 4) (+1)
 i = 6</StdOut>
        <ErrorInfo>
          <Message>Test method Domi.Suffix.Tests.SuffixTreeBuilderTest.TestSlideTree threw exception: 
System.ArgumentOutOfRangeException: Specified argument was out of the range of valid values.
Parameter name: offset 1 is greater than this edge's length (From 4 To 4)</Message>
          <StackTrace>    at Domi.Suffix.SuffixNode.GetEdgeChar(Int32 offset) in D:\coding\C#\Domi\Domi.Suffix\SuffixNode.cs:line 110
   at Domi.Suffix.SuffixTreeBuilder.get_NextChar() in D:\coding\C#\Domi\Domi.Suffix\SuffixTreeBuilder.cs:line 77
   at Domi.Suffix.SuffixTreeBuilder.TraverseToChild(Char c) in D:\coding\C#\Domi\Domi.Suffix\SuffixTreeBuilder.cs:line 286
   at Domi.Suffix.SuffixTreeBuilder.BuildTree(String str) in D:\coding\C#\Domi\Domi.Suffix\SuffixTreeBuilder.cs:line 120
   at Domi.Suffix.SuffixTreeBuilder.Create(String s) in D:\coding\C#\Domi\Domi.Suffix\SuffixTreeBuilder.cs:line 28
   at Domi.Suffix.Tests.SuffixTreeBuilderTest.TestSlideTree() in D:\coding\C#\Domi\Domi.Suffix.Tests\SuffixTreeBuilderTest.cs:line 34
</StackTrace>
        </ErrorInfo>
      </Output>
    </UnitTestResult>
  </Results>
</TestRun>