<?xml version="1.0" encoding="UTF-8"?>
<TestRun id="bfc453cd-1764-41e2-994a-28639ee8cb22" name="Domi@BAOBEI 2010-06-15 20:33:39" runUser="baobei\Domi" xmlns="http://microsoft.com/schemas/VisualStudio/TeamTest/2010">
  <TestSettings name="Local" id="95a22874-85bc-4819-941e-f55c2de6922e">
    <Description>These are default test settings for a local test run.</Description>
    <Deployment enabled="false" runDeploymentRoot="Domi_BAOBEI 2010-06-15 20_33_39" />
    <Execution>
      <TestTypeSpecific />
      <AgentRule name="Execution Agents">
      </AgentRule>
    </Execution>
  </TestSettings>
  <Times creation="2010-06-15T20:33:39.8532895+08:00" queuing="2010-06-15T20:33:40.2543124+08:00" start="2010-06-15T20:33:40.6813369+08:00" finish="2010-06-15T20:34:10.6360502+08:00" />
  <ResultSummary outcome="Failed">
    <Counters total="1" executed="1" error="0" failed="1" timeout="0" aborted="0" inconclusive="0" passedButRunAborted="0" notRunnable="0" notExecuted="0" disconnected="0" warning="0" passed="0" completed="0" inProgress="0" pending="0" />
  </ResultSummary>
  <TestDefinitions>
    <UnitTest name="TestSlideTree" storage="d:\coding\c#\domi\domi.suffix.tests\bin\debug\domi.suffix.tests.dll" id="d83ee658-ca92-33b2-327b-aa7983891848">
      <Execution timeOut="1800000" id="4bfe877c-d2ed-4473-b558-be7b6ce79fd1" />
      <TestMethod codeBase="D:/coding/C#/Domi/Domi.Suffix.Tests/bin/Debug/Domi.Suffix.Tests.DLL" adapterTypeName="Microsoft.VisualStudio.TestTools.TestTypes.Unit.UnitTestAdapter, Microsoft.VisualStudio.QualityTools.Tips.UnitTest.Adapter, Version=10.0.0.0, Culture=neutral, PublicKeyToken=b03f5f7f11d50a3a" className="Domi.Suffix.Tests.SuffixTreeBuilderTest, Domi.Suffix.Tests, Version=1.0.0.0, Culture=neutral, PublicKeyToken=null" name="TestSlideTree" />
    </UnitTest>
  </TestDefinitions>
  <TestLists>
    <TestList name="Results Not in a List" id="8c84fa94-04c1-424b-9868-57a2d4851a1d" />
    <TestList name="All Loaded Results" id="19431567-8539-422a-85d7-44ee4e166bda" />
  </TestLists>
  <TestEntries>
    <TestEntry testId="d83ee658-ca92-33b2-327b-aa7983891848" executionId="4bfe877c-d2ed-4473-b558-be7b6ce79fd1" testListId="8c84fa94-04c1-424b-9868-57a2d4851a1d" />
  </TestEntries>
  <Results>
    <UnitTestResult executionId="4bfe877c-d2ed-4473-b558-be7b6ce79fd1" testId="d83ee658-ca92-33b2-327b-aa7983891848" testName="TestSlideTree" computerName="BAOBEI" duration="00:00:29.5510855" startTime="2010-06-15T20:33:40.7893430+08:00" endTime="2010-06-15T20:34:10.5090429+08:00" testType="13cdc9d9-ddb5-4fa4-a97d-d965ccfc6d4b" outcome="Failed" testListId="8c84fa94-04c1-424b-9868-57a2d4851a1d" relativeResultsDirectory="4bfe877c-d2ed-4473-b558-be7b6ce79fd1">
      <Output>
        <StdOut>Starting round k = 1...
 i = 0...
  Traversed to b
Starting round k = 2...
 i = 1...
   Added leaf a to new branch: b (0 to 1)
 i = 2...
   Added leaf a to existing branch:  (0 to 0)
   Added link from b (0 to 1) to  (0 to 0)
Starting round k = 3...
 i = 0...
  Traversed to b
Starting round k = 4...
 i = 1...</StdOut>
        <ErrorInfo>
          <Message>Test method Domi.Suffix.Tests.SuffixTreeBuilderTest.TestSlideTree threw exception: 
System.ArgumentOutOfRangeException: Specified argument was out of the range of valid values.
Parameter name: offset 1 is greater than this edge's length (From 0 To 1)</Message>
          <StackTrace>    at Domi.Suffix.SuffixNode.GetEdgeChar(Int32 offset) in D:\coding\C#\Domi\Domi.Suffix\SuffixNode.cs:line 110
   at Domi.Suffix.SuffixTreeBuilder.get_NextChar() in D:\coding\C#\Domi\Domi.Suffix\SuffixTreeBuilder.cs:line 74
   at Domi.Suffix.SuffixTreeBuilder.TraverseToChild(Char c) in D:\coding\C#\Domi\Domi.Suffix\SuffixTreeBuilder.cs:line 253
   at Domi.Suffix.SuffixTreeBuilder.BuildTree(String str) in D:\coding\C#\Domi\Domi.Suffix\SuffixTreeBuilder.cs:line 105
   at Domi.Suffix.SuffixTreeBuilder.Create(String s) in D:\coding\C#\Domi\Domi.Suffix\SuffixTreeBuilder.cs:line 28
   at Domi.Suffix.Tests.SuffixTreeBuilderTest.TestSlideTree() in D:\coding\C#\Domi\Domi.Suffix.Tests\SuffixTreeBuilderTest.cs:line 34
</StackTrace>
        </ErrorInfo>
      </Output>
    </UnitTestResult>
  </Results>
</TestRun>