<?xml version="1.0" encoding="UTF-8"?>
<TestRun id="6a66defc-f393-433e-9bff-e7e18fb95950" name="Domi@BAOBEI 2010-06-15 22:09:03" runUser="baobei\Domi" xmlns="http://microsoft.com/schemas/VisualStudio/TeamTest/2010">
  <TestSettings name="Local" id="95a22874-85bc-4819-941e-f55c2de6922e">
    <Description>These are default test settings for a local test run.</Description>
    <Deployment enabled="false" runDeploymentRoot="Domi_BAOBEI 2010-06-15 22_09_03" />
    <Execution>
      <TestTypeSpecific />
      <AgentRule name="Execution Agents">
      </AgentRule>
    </Execution>
  </TestSettings>
  <Times creation="2010-06-15T22:09:03.4186587+08:00" queuing="2010-06-15T22:09:03.8956860+08:00" start="2010-06-15T22:09:04.3657129+08:00" finish="2010-06-15T22:12:09.4232976+08:00" />
  <ResultSummary outcome="Error">
    <Counters total="1" error="0" failed="0" timeout="0" aborted="0" inconclusive="0" passedButRunAborted="0" notRunnable="0" notExecuted="1" disconnected="0" warning="0" passed="0" completed="0" inProgress="0" pending="0" />
    <RunInfos>
      <RunInfo computerName="BAOBEI" outcome="Error" timestamp="2010-06-15T22:12:09.4152971+08:00">
        <Text>The connection to the controller was lost.</Text>
      </RunInfo>
    </RunInfos>
  </ResultSummary>
  <TestDefinitions>
    <UnitTest name="TestSlideTree" storage="d:\coding\c#\domi\domi.suffix.tests\bin\debug\domi.suffix.tests.dll" id="d83ee658-ca92-33b2-327b-aa7983891848">
      <Execution timeOut="1800000" id="d81ce59a-e561-4bac-a99c-a9ec81600bf1" />
      <TestMethod codeBase="D:/coding/C#/Domi/Domi.Suffix.Tests/bin/Debug/Domi.Suffix.Tests.DLL" adapterTypeName="Microsoft.VisualStudio.TestTools.TestTypes.Unit.UnitTestAdapter, Microsoft.VisualStudio.QualityTools.Tips.UnitTest.Adapter, Version=10.0.0.0, Culture=neutral, PublicKeyToken=b03f5f7f11d50a3a" className="Domi.Suffix.Tests.SuffixTreeBuilderTest, Domi.Suffix.Tests, Version=1.0.0.0, Culture=neutral, PublicKeyToken=null" name="TestSlideTree" />
    </UnitTest>
  </TestDefinitions>
  <TestLists>
    <TestList name="Results Not in a List" id="8c84fa94-04c1-424b-9868-57a2d4851a1d" />
    <TestList name="All Loaded Results" id="19431567-8539-422a-85d7-44ee4e166bda" />
  </TestLists>
  <TestEntries>
    <TestEntry testId="d83ee658-ca92-33b2-327b-aa7983891848" executionId="d81ce59a-e561-4bac-a99c-a9ec81600bf1" testListId="8c84fa94-04c1-424b-9868-57a2d4851a1d" />
  </TestEntries>
  <Results>
    <UnitTestResult executionId="d81ce59a-e561-4bac-a99c-a9ec81600bf1" testId="d83ee658-ca92-33b2-327b-aa7983891848" testName="TestSlideTree" computerName="BAOBEI" startTime="2010-06-15T22:09:04.4757192+08:00" testType="13cdc9d9-ddb5-4fa4-a97d-d965ccfc6d4b" outcome="NotExecuted" testListId="8c84fa94-04c1-424b-9868-57a2d4851a1d" relativeResultsDirectory="d81ce59a-e561-4bac-a99c-a9ec81600bf1">
    </UnitTestResult>
  </Results>
</TestRun>