<?xml version="1.0" encoding="UTF-8"?>
<TestRun id="1b15e5f5-1614-471f-831d-f9065f101f81" name="Domi@BAOBEI 2010-06-15 23:29:15" runUser="baobei\Domi" xmlns="http://microsoft.com/schemas/VisualStudio/TeamTest/2010">
  <TestSettings name="Default Test Settings" id="739ec34e-0916-4683-8487-ea84916ff145">
    <Execution>
      <TestTypeSpecific />
      <AgentRule name="Execution Agents">
      </AgentRule>
    </Execution>
    <Deployment runDeploymentRoot="Domi_BAOBEI 2010-06-15 23_29_15" />
  </TestSettings>
  <Times creation="2010-06-15T23:29:15.4478910+08:00" queuing="2010-06-15T23:29:16.2589374+08:00" start="2010-06-15T23:29:16.8149692+08:00" finish="2010-06-15T23:29:17.6410165+08:00" />
  <ResultSummary outcome="Completed">
    <Counters total="1" executed="1" passed="1" error="0" failed="0" timeout="0" aborted="0" inconclusive="0" passedButRunAborted="0" notRunnable="0" notExecuted="0" disconnected="0" warning="0" completed="0" inProgress="0" pending="0" />
  </ResultSummary>
  <TestDefinitions>
    <UnitTest name="TestSlideTree" storage="d:\coding\c#\domi\domi.suffix.tests\bin\debug\domi.suffix.tests.dll" id="4c90f9c5-d7a1-fd02-04af-41355228ab8b">
      <Execution timeOut="1800000" id="b61dd5f2-1e0e-4d7b-9597-f773732044c9" />
      <TestMethod codeBase="D:/coding/C#/Domi/Domi.Suffix.Tests/bin/Debug/Domi.Suffix.Tests.DLL" adapterTypeName="Microsoft.VisualStudio.TestTools.TestTypes.Unit.UnitTestAdapter, Microsoft.VisualStudio.QualityTools.Tips.UnitTest.Adapter, Version=10.0.0.0, Culture=neutral, PublicKeyToken=b03f5f7f11d50a3a" className="Domi.Suffix.Tests.SuffixTreeTest, Domi.Suffix.Tests, Version=1.0.0.0, Culture=neutral, PublicKeyToken=null" name="TestSlideTree" />
    </UnitTest>
  </TestDefinitions>
  <TestLists>
    <TestList name="Results Not in a List" id="8c84fa94-04c1-424b-9868-57a2d4851a1d" />
    <TestList name="All Loaded Results" id="19431567-8539-422a-85d7-44ee4e166bda" />
  </TestLists>
  <TestEntries>
    <TestEntry testId="4c90f9c5-d7a1-fd02-04af-41355228ab8b" executionId="b61dd5f2-1e0e-4d7b-9597-f773732044c9" testListId="8c84fa94-04c1-424b-9868-57a2d4851a1d" />
  </TestEntries>
  <Results>
    <UnitTestResult executionId="b61dd5f2-1e0e-4d7b-9597-f773732044c9" testId="4c90f9c5-d7a1-fd02-04af-41355228ab8b" testName="TestSlideTree" computerName="BAOBEI" duration="00:00:00.0737941" startTime="2010-06-15T23:29:17.0459824+08:00" endTime="2010-06-15T23:29:17.3299987+08:00" testType="13cdc9d9-ddb5-4fa4-a97d-d965ccfc6d4b" outcome="Passed" testListId="8c84fa94-04c1-424b-9868-57a2d4851a1d" relativeResultsDirectory="b61dd5f2-1e0e-4d7b-9597-f773732044c9">
      <Output>
        <StdOut>Adding String: bbabbaabÿ
k = 1: bb
 i = 1
  Traversed to b
k = 2: bba
 i = 1
   Added leaf a to new branch: Node #2 ([0 .. 0] b)
   Moved to Root
 i = 2
   Added leaf a to existing branch: &lt;Root&gt;
   Added link from Node #2 ([0 .. 0] b) to &lt;Root&gt;
k = 3: bbab
 i = 3
  Traversed to b
k = 4: bbabb
 i = 3
  Traversed to b
k = 5: bbabba
 i = 3
  Traversed to a
k = 6: bbabbaa
 i = 3
   Added leaf a to new branch: Node #5 ([1 .. 2] ba)
   Moved to Root
   Moved to next suffix node Node #2 ([0 .. 0] b) -&gt; Node #3 ([2 .. -1] abbaa) (+1)
 i = 4
   Added leaf a to new branch: Node #7 ([2 .. 2] a)
   Added link from Node #5 ([1 .. 2] ba) to Node #7 ([2 .. 2] a)
   Moved to Root
   Moved to next suffix node &lt;Root&gt; -&gt; Node #4 ([2 .. -1] abbaa) (+1)
 i = 5
   Added leaf a to new branch: Node #9 ([2 .. 2] a)
   Added link from Node #7 ([2 .. 2] a) to Node #9 ([2 .. 2] a)
   Moved to Root
 i = 6
  Traversed to a
   Added link from Node #9 ([2 .. 2] a) to &lt;Root&gt;
k = 7: bbabbaab
 i = 6
  Traversed to b
k = 8: bbabbaabÿ
 i = 6
   Added leaf ÿ to new branch: Node #11 ([3 .. 3] b)
   Moved to Root
   Moved to next suffix node Node #2 ([0 .. 0] b) -&gt; Node #2 ([0 .. 0] b) (+0)
 i = 7
   Added leaf ÿ to existing branch: Node #2 ([0 .. 0] b)
   Added link from Node #11 ([3 .. 3] b) to Node #2 ([0 .. 0] b)
   Moved along link to: &lt;Root&gt;
 i = 8
   Added leaf ÿ to existing branch: &lt;Root&gt;</StdOut>
      </Output>
    </UnitTestResult>
  </Results>
</TestRun>