<?xml version="1.0" encoding="UTF-8"?>
<TestRun id="6ab6b6a9-4d97-4076-bd28-5c701d6f224e" name="Domi@BAOBEI 2010-06-15 22:43:57" runUser="baobei\Domi" xmlns="http://microsoft.com/schemas/VisualStudio/TeamTest/2010">
  <TestSettings name="Local" id="95a22874-85bc-4819-941e-f55c2de6922e">
    <Description>These are default test settings for a local test run.</Description>
    <Deployment enabled="false" runDeploymentRoot="Domi_BAOBEI 2010-06-15 22_43_57" />
    <Execution>
      <TestTypeSpecific />
      <AgentRule name="Execution Agents">
      </AgentRule>
    </Execution>
  </TestSettings>
  <Times creation="2010-06-15T22:43:57.4234289+08:00" queuing="2010-06-15T22:43:57.9474589+08:00" start="2010-06-15T22:43:58.4314866+08:00" finish="2010-06-15T22:44:01.6956733+08:00" />
  <ResultSummary outcome="Failed">
    <Counters total="1" executed="1" error="0" failed="1" timeout="0" aborted="0" inconclusive="0" passedButRunAborted="0" notRunnable="0" notExecuted="0" disconnected="0" warning="0" passed="0" completed="0" inProgress="0" pending="0" />
  </ResultSummary>
  <TestDefinitions>
    <UnitTest name="TestSlideTree" storage="d:\coding\c#\domi\domi.suffix.tests\bin\debug\domi.suffix.tests.dll" id="d83ee658-ca92-33b2-327b-aa7983891848">
      <Execution timeOut="1800000" id="5d670b65-9511-4884-8bf8-12b95a203f78" />
      <TestMethod codeBase="D:/coding/C#/Domi/Domi.Suffix.Tests/bin/Debug/Domi.Suffix.Tests.DLL" adapterTypeName="Microsoft.VisualStudio.TestTools.TestTypes.Unit.UnitTestAdapter, Microsoft.VisualStudio.QualityTools.Tips.UnitTest.Adapter, Version=10.0.0.0, Culture=neutral, PublicKeyToken=b03f5f7f11d50a3a" className="Domi.Suffix.Tests.SuffixTreeBuilderTest, Domi.Suffix.Tests, Version=1.0.0.0, Culture=neutral, PublicKeyToken=null" name="TestSlideTree" />
    </UnitTest>
  </TestDefinitions>
  <TestLists>
    <TestList name="Results Not in a List" id="8c84fa94-04c1-424b-9868-57a2d4851a1d" />
    <TestList name="All Loaded Results" id="19431567-8539-422a-85d7-44ee4e166bda" />
  </TestLists>
  <TestEntries>
    <TestEntry testId="d83ee658-ca92-33b2-327b-aa7983891848" executionId="5d670b65-9511-4884-8bf8-12b95a203f78" testListId="8c84fa94-04c1-424b-9868-57a2d4851a1d" />
  </TestEntries>
  <Results>
    <UnitTestResult executionId="5d670b65-9511-4884-8bf8-12b95a203f78" testId="d83ee658-ca92-33b2-327b-aa7983891848" testName="TestSlideTree" computerName="BAOBEI" duration="00:00:02.8626259" startTime="2010-06-15T22:43:58.6104968+08:00" endTime="2010-06-15T22:44:01.5826668+08:00" testType="13cdc9d9-ddb5-4fa4-a97d-d965ccfc6d4b" outcome="Failed" testListId="8c84fa94-04c1-424b-9868-57a2d4851a1d" relativeResultsDirectory="5d670b65-9511-4884-8bf8-12b95a203f78">
      <Output>
        <StdOut>Adding String: bbabbaabÿ
k = 1: bb
 i = 1
  Traversed to b
k = 2: bba
 i = 1
   Added leaf a to new branch: b (0 to 0)
   Moved to Root
 i = 2
   Added leaf a to existing branch: &lt;Root&gt;
   Added link from b (0 to 0) to &lt;Root&gt;
k = 3: bbab
 i = 3
  Traversed to b
k = 4: bbabb
 i = 3
  Traversed to b
k = 5: bbabba
 i = 3
  Traversed to a
k = 6: bbabbaa
 i = 3
   Added leaf a to new branch: ba (1 to 2)
   Moved to Root
   Moved to next suffix node b (0 to 0) -&gt; abbaa (2 to -1) (+1)
 i = 4
   Added leaf a to new branch: a (2 to 2)
   Added link from ba (1 to 2) to a (2 to 2)
   Moved to Root
   Moved to next suffix node &lt;Root&gt; -&gt; abbaa (2 to -1) (+1)
 i = 5
   Added leaf a to new branch: a (2 to 2)
   Added link from a (2 to 2) to a (2 to 2)
   Moved to Root
 i = 6
  Traversed to a
   Added link from a (2 to 2) to &lt;Root&gt;
k = 7: bbabbaab
 i = 6
  Traversed to b
k = 8: bbabbaabÿ
 i = 6
   Added leaf ÿ to new branch: b (3 to 3)
   Moved to Root
   Moved to next suffix node &lt;Root&gt; -&gt; b (0 to 0) (+1)
 i = 7</StdOut>
        <ErrorInfo>
          <Message>Test method Domi.Suffix.Tests.SuffixTreeBuilderTest.TestSlideTree threw exception: 
System.ArgumentOutOfRangeException: Specified argument was out of the range of valid values.
Parameter name: offset 1 is greater than this edge's length (From 0 To 0)</Message>
          <StackTrace>    at Domi.Suffix.SuffixNode.GetEdgeChar(Int32 offset) in D:\coding\C#\Domi\Domi.Suffix\SuffixNode.cs:line 110
   at Domi.Suffix.SuffixTreeBuilder.get_NextChar() in D:\coding\C#\Domi\Domi.Suffix\SuffixTreeBuilder.cs:line 77
   at Domi.Suffix.SuffixTreeBuilder.TraverseToChild(Char c) in D:\coding\C#\Domi\Domi.Suffix\SuffixTreeBuilder.cs:line 290
   at Domi.Suffix.SuffixTreeBuilder.BuildTree(String str) in D:\coding\C#\Domi\Domi.Suffix\SuffixTreeBuilder.cs:line 124
   at Domi.Suffix.SuffixTreeBuilder.Create(String s) in D:\coding\C#\Domi\Domi.Suffix\SuffixTreeBuilder.cs:line 28
   at Domi.Suffix.Tests.SuffixTreeBuilderTest.TestSlideTree() in D:\coding\C#\Domi\Domi.Suffix.Tests\SuffixTreeBuilderTest.cs:line 34
</StackTrace>
        </ErrorInfo>
      </Output>
    </UnitTestResult>
  </Results>
</TestRun>