<?xml version="1.0" encoding="UTF-8"?>
<TestRun id="a4aa053b-8b9f-4090-b28d-7e540de33edd" name="Domi@BAOBEI 2010-06-15 20:23:10" runUser="baobei\Domi" xmlns="http://microsoft.com/schemas/VisualStudio/TeamTest/2010">
  <TestSettings name="Default Test Settings" id="2e281f8a-d895-4406-b979-09b7b3ae7668">
    <Execution>
      <TestTypeSpecific />
      <AgentRule name="Execution Agents">
      </AgentRule>
    </Execution>
    <Deployment runDeploymentRoot="Domi_BAOBEI 2010-06-15 20_23_10" />
  </TestSettings>
  <Times creation="2010-06-15T20:23:10.2162763+08:00" queuing="2010-06-15T20:23:10.9023156+08:00" start="2010-06-15T20:23:11.4213452+08:00" finish="2010-06-15T20:23:11.9453752+08:00" />
  <ResultSummary outcome="Completed">
    <Counters total="1" executed="1" passed="1" error="0" failed="0" timeout="0" aborted="0" inconclusive="0" passedButRunAborted="0" notRunnable="0" notExecuted="0" disconnected="0" warning="0" completed="0" inProgress="0" pending="0" />
  </ResultSummary>
  <TestDefinitions>
    <UnitTest name="TestSimple" storage="d:\coding\c#\domi\domi.suffix\bin\debug\domi.suffix.exe" id="9f1a2cd1-1104-0086-6596-eb19b7cb3894">
      <Execution timeOut="1800000" id="458fcd6d-0926-41c9-8649-191f9d17733b" />
      <TestMethod codeBase="D:/coding/C#/Domi/Domi.Suffix/bin/Debug/Domi.Suffix.EXE" adapterTypeName="Microsoft.VisualStudio.TestTools.TestTypes.Unit.UnitTestAdapter, Microsoft.VisualStudio.QualityTools.Tips.UnitTest.Adapter, Version=10.0.0.0, Culture=neutral, PublicKeyToken=b03f5f7f11d50a3a" className="Domi.Suffix.Tests.SuffixTreeBuilderTest, Domi.Suffix, Version=1.0.0.0, Culture=neutral, PublicKeyToken=null" name="TestSimple" />
    </UnitTest>
  </TestDefinitions>
  <TestLists>
    <TestList name="Results Not in a List" id="8c84fa94-04c1-424b-9868-57a2d4851a1d" />
    <TestList name="All Loaded Results" id="19431567-8539-422a-85d7-44ee4e166bda" />
  </TestLists>
  <TestEntries>
    <TestEntry testId="9f1a2cd1-1104-0086-6596-eb19b7cb3894" executionId="458fcd6d-0926-41c9-8649-191f9d17733b" testListId="8c84fa94-04c1-424b-9868-57a2d4851a1d" />
  </TestEntries>
  <Results>
    <UnitTestResult executionId="458fcd6d-0926-41c9-8649-191f9d17733b" testId="9f1a2cd1-1104-0086-6596-eb19b7cb3894" testName="TestSimple" computerName="BAOBEI" duration="00:00:00.0236073" startTime="2010-06-15T20:23:11.5553529+08:00" endTime="2010-06-15T20:23:11.7693651+08:00" testType="13cdc9d9-ddb5-4fa4-a97d-d965ccfc6d4b" outcome="Passed" testListId="8c84fa94-04c1-424b-9868-57a2d4851a1d" relativeResultsDirectory="458fcd6d-0926-41c9-8649-191f9d17733b">
      <Output>
        <StdOut>Starting round k = 1...
 i = 0...
 Traversed to a
Starting round k = 2...
 i = 1...
 Added leaf ÿ to new branch: a (0 to 1)
 i = 2...
 Added leaf ÿ to existing branch:  (0 to 0)
 Added link from a (0 to 1) to  (0 to 0)</StdOut>
      </Output>
    </UnitTestResult>
  </Results>
</TestRun>