<?xml version="1.0" encoding="UTF-8"?>
<TestRun id="dd3f3e9b-ed3b-4fbe-9dd1-87042f41114c" name="Domi@BAOBEI 2010-06-15 06:34:46" runUser="baobei\Domi" xmlns="http://microsoft.com/schemas/VisualStudio/TeamTest/2010">
  <TestSettings name="Default Test Settings" id="f0b3f8dc-48e0-4fe2-8d6c-26422abce406">
    <Execution>
      <TestTypeSpecific />
      <AgentRule name="Execution Agents">
      </AgentRule>
    </Execution>
    <Deployment runDeploymentRoot="Domi_BAOBEI 2010-06-15 06_34_46" />
  </TestSettings>
  <Times creation="2010-06-15T06:34:46.6289325+08:00" queuing="2010-06-15T06:34:47.4549797+08:00" start="2010-06-15T06:34:47.9170062+08:00" finish="2010-06-15T06:35:04.7329680+08:00" />
  <ResultSummary outcome="Failed">
    <Counters total="1" executed="1" error="0" failed="1" timeout="0" aborted="0" inconclusive="0" passedButRunAborted="0" notRunnable="0" notExecuted="0" disconnected="0" warning="0" passed="0" completed="0" inProgress="0" pending="0" />
  </ResultSummary>
  <TestDefinitions>
    <UnitTest name="TestSimple" storage="d:\coding\c#\domi\domi.suffix\bin\debug\domi.suffix.exe" id="9f1a2cd1-1104-0086-6596-eb19b7cb3894">
      <Execution timeOut="1800000" id="5245eebe-9fac-41c4-bd07-469cd6497b58" />
      <TestMethod codeBase="D:/coding/C#/Domi/Domi.Suffix/bin/Debug/Domi.Suffix.EXE" adapterTypeName="Microsoft.VisualStudio.TestTools.TestTypes.Unit.UnitTestAdapter, Microsoft.VisualStudio.QualityTools.Tips.UnitTest.Adapter, Version=10.0.0.0, Culture=neutral, PublicKeyToken=b03f5f7f11d50a3a" className="Domi.Suffix.Tests.SuffixTreeBuilderTest, Domi.Suffix, Version=1.0.0.0, Culture=neutral, PublicKeyToken=null" name="TestSimple" />
    </UnitTest>
  </TestDefinitions>
  <TestLists>
    <TestList name="Results Not in a List" id="8c84fa94-04c1-424b-9868-57a2d4851a1d" />
    <TestList name="All Loaded Results" id="19431567-8539-422a-85d7-44ee4e166bda" />
  </TestLists>
  <TestEntries>
    <TestEntry testId="9f1a2cd1-1104-0086-6596-eb19b7cb3894" executionId="5245eebe-9fac-41c4-bd07-469cd6497b58" testListId="8c84fa94-04c1-424b-9868-57a2d4851a1d" />
  </TestEntries>
  <Results>
    <UnitTestResult executionId="5245eebe-9fac-41c4-bd07-469cd6497b58" testId="9f1a2cd1-1104-0086-6596-eb19b7cb3894" testName="TestSimple" computerName="BAOBEI" duration="00:00:16.3509503" startTime="2010-06-15T06:34:48.0050112+08:00" endTime="2010-06-15T06:35:04.6139612+08:00" testType="13cdc9d9-ddb5-4fa4-a97d-d965ccfc6d4b" outcome="Failed" testListId="8c84fa94-04c1-424b-9868-57a2d4851a1d" relativeResultsDirectory="5245eebe-9fac-41c4-bd07-469cd6497b58">
      <Output>
        <ErrorInfo>
          <Message>Test method Domi.Suffix.Tests.SuffixTreeBuilderTest.TestSimple threw exception: 
System.Exception: Error while building tree for: aaa&#x0;</Message>
          <StackTrace>    at Domi.Suffix.SuffixTreeBuilder.BuildTree(String str) in D:\coding\C#\Domi\Domi.Suffix\SuffixTreeBuilder.cs:line 140
   at Domi.Suffix.SuffixTreeBuilder.Create(String s) in D:\coding\C#\Domi\Domi.Suffix\SuffixTreeBuilder.cs:line 26
   at Domi.Suffix.Tests.SuffixTreeBuilderTest.TestSimple() in D:\coding\C#\Domi\Domi.Suffix\Tests\SuffixTreeBuilderTest.cs:line 21
</StackTrace>
        </ErrorInfo>
      </Output>
    </UnitTestResult>
  </Results>
</TestRun>